<?xml version="1.0" encoding="UTF-8"?>
<testng-results skipped="0" failed="0" total="1" passed="1">
  <reporter-output>
  </reporter-output>
  <suite name="Default suite" duration-ms="17938" started-at="2016-01-21T23:19:46Z" finished-at="2016-01-21T23:20:04Z">
    <groups>
    </groups>
    <test name="Default test" duration-ms="17938" started-at="2016-01-21T23:19:46Z" finished-at="2016-01-21T23:20:04Z">
      <class name="TestWiki">
        <test-method status="PASS" signature="setUp()[pri:0, instance:TestWiki@7ac0e420]" name="setUp" is-config="true" duration-ms="99" started-at="2016-01-22T01:19:46Z" finished-at="2016-01-22T01:19:46Z">
          <reporter-output>
          </reporter-output>
        </test-method> <!-- setUp -->
        <test-method status="PASS" signature="testWiki(java.lang.String, java.lang.String, java.lang.String, java.lang.String, java.lang.String, java.lang.String, java.lang.String, java.lang.String, java.lang.String, java.lang.String, java.lang.String, java.lang.String, java.lang.String, java.lang.String, java.lang.String, java.lang.String, java.lang.String, java.lang.String)[pri:0, instance:TestWiki@7ac0e420]" name="testWiki" duration-ms="16885" started-at="2016-01-22T01:19:46Z" data-provider="excelData" finished-at="2016-01-22T01:20:03Z">
          <params>
            <param index="0">
              <value>
                <![CDATA[gold]]>
              </value>
            </param>
            <param index="1">
              <value>
                <![CDATA[Gold]]>
              </value>
            </param>
            <param index="2">
              <value>
                <![CDATA[Phase]]>
              </value>
            </param>
            <param index="3">
              <value>
                <![CDATA[solid]]>
              </value>
            </param>
            <param index="4">
              <value>
                <![CDATA[Melting point]]>
              </value>
            </param>
            <param index="5">
              <value>
                <![CDATA[1337.33 K (1064.18 °C, 1947.52 °F)]]>
              </value>
            </param>
            <param index="6">
              <value>
                <![CDATA[Boiling point]]>
              </value>
            </param>
            <param index="7">
              <value>
                <![CDATA[3243 K (2970 °C, 5378 °F)]]>
              </value>
            </param>
            <param index="8">
              <value>
                <![CDATA[Density near r.t.]]>
              </value>
            </param>
            <param index="9">
              <value>
                <![CDATA[19.30 g/cm3]]>
              </value>
            </param>
            <param index="10">
              <value>
                <![CDATA[when liquid, at m.p.]]>
              </value>
            </param>
            <param index="11">
              <value>
                <![CDATA[17.31 g/cm3]]>
              </value>
            </param>
            <param index="12">
              <value>
                <![CDATA[Heat of fusion]]>
              </value>
            </param>
            <param index="13">
              <value>
                <![CDATA[12.55 kJ/mol]]>
              </value>
            </param>
            <param index="14">
              <value>
                <![CDATA[Heat of vaporization]]>
              </value>
            </param>
            <param index="15">
              <value>
                <![CDATA[342 kJ/mol]]>
              </value>
            </param>
            <param index="16">
              <value>
                <![CDATA[Molar heat capacity]]>
              </value>
            </param>
            <param index="17">
              <value>
                <![CDATA[25.418 J/(mol·K)]]>
              </value>
            </param>
          </params>
          <reporter-output>
          </reporter-output>
        </test-method> <!-- testWiki -->
        <test-method status="PASS" signature="tearDown()[pri:0, instance:TestWiki@7ac0e420]" name="tearDown" is-config="true" duration-ms="909" started-at="2016-01-22T01:20:03Z" finished-at="2016-01-22T01:20:04Z">
          <reporter-output>
          </reporter-output>
        </test-method> <!-- tearDown -->
      </class> <!-- TestWiki -->
    </test> <!-- Default test -->
  </suite> <!-- Default suite -->
</testng-results>
